2018/08/14 10:31:48.008 [N] [value.go:447]  签约确认参数：map[reqSn:XxxX_18471534152626 verCode:111111]
2018/08/14 10:31:48.008 [N] [value.go:447]  {"IsSuccess":false,"RetInfo":"","RetCode":"","ErrMsg":"无此请求号的记录！"}
2018/08/14 10:31:48.155 [N] [value.go:447]  签约确认参数：map[reqSn:XxxX_18471534152626 verCode:111111]
2018/08/14 10:31:48.155 [N] [value.go:447]  {"IsSuccess":false,"RetInfo":"","RetCode":"","ErrMsg":"无此请求号的记录！"}
2018/08/14 10:31:48.492 [N] [value.go:447]  签约确认参数：map[verCode:111111 reqSn:XxxX_18471534152626]
2018/08/14 10:31:48.493 [N] [value.go:447]  {"IsSuccess":false,"RetInfo":"","RetCode":"","ErrMsg":"无此请求号的记录！"}
2018/08/14 10:31:48.799 [N] [value.go:447]  签约确认参数：map[verCode:111111 reqSn:XxxX_18471534152626]
2018/08/14 10:31:48.800 [N] [value.go:447]  {"IsSuccess":false,"RetInfo":"","RetCode":"","ErrMsg":"无此请求号的记录！"}
2018/08/14 10:31:49.064 [N] [value.go:447]  签约确认参数：map[reqSn:XxxX_18471534152626 verCode:111111]
2018/08/14 10:31:49.064 [N] [value.go:447]  {"IsSuccess":false,"RetInfo":"","RetCode":"","ErrMsg":"无此请求号的记录！"}
2018/08/14 10:31:49.207 [N] [value.go:447]  签约确认参数：map[verCode:111111 reqSn:XxxX_18471534152626]
2018/08/14 10:31:49.207 [N] [value.go:447]  {"IsSuccess":false,"RetInfo":"","RetCode":"","ErrMsg":"无此请求号的记录！"}
2018/08/14 10:31:49.451 [N] [value.go:447]  签约确认参数：map[reqSn:XxxX_18471534152626 verCode:111111]
2018/08/14 10:31:49.451 [N] [value.go:447]  {"IsSuccess":false,"RetInfo":"","RetCode":"","ErrMsg":"无此请求号的记录！"}
2018/08/14 10:31:49.700 [N] [value.go:447]  签约确认参数：map[reqSn:XxxX_18471534152626 verCode:111111]
2018/08/14 10:31:49.700 [N] [value.go:447]  {"IsSuccess":false,"RetInfo":"","RetCode":"","ErrMsg":"无此请求号的记录！"}
2018/08/14 10:31:50.105 [N] [value.go:447]  签约确认参数：map[reqSn:XxxX_18471534152626 verCode:111111]
2018/08/14 10:31:50.105 [N] [value.go:447]  {"IsSuccess":false,"RetInfo":"","RetCode":"","ErrMsg":"无此请求号的记录！"}
2018/08/14 10:31:50.358 [N] [value.go:447]  签约确认参数：map[verCode:111111 reqSn:XxxX_18471534152626]
2018/08/14 10:31:50.358 [N] [value.go:447]  {"IsSuccess":false,"RetInfo":"","RetCode":"","ErrMsg":"无此请求号的记录！"}
2018/08/14 10:31:50.639 [N] [value.go:447]  签约确认参数：map[reqSn:XxxX_18471534152626 verCode:111111]
2018/08/14 10:31:50.639 [N] [value.go:447]  {"IsSuccess":false,"RetInfo":"","RetCode":"","ErrMsg":"无此请求号的记录！"}
2018/08/14 10:31:50.887 [N] [value.go:447]  签约确认参数：map[verCode:111111 reqSn:XxxX_18471534152626]
2018/08/14 10:31:50.887 [N] [value.go:447]  {"IsSuccess":false,"RetInfo":"","RetCode":"","ErrMsg":"无此请求号的记录！"}
2018/08/14 10:31:51.121 [N] [value.go:447]  签约确认参数：map[reqSn:XxxX_18471534152626 verCode:111111]
2018/08/14 10:31:51.122 [N] [value.go:447]  {"IsSuccess":false,"RetInfo":"","RetCode":"","ErrMsg":"无此请求号的记录！"}
2018/08/14 10:31:51.387 [N] [value.go:447]  签约确认参数：map[reqSn:XxxX_18471534152626 verCode:111111]
2018/08/14 10:31:51.387 [N] [value.go:447]  {"IsSuccess":false,"RetInfo":"","RetCode":"","ErrMsg":"无此请求号的记录！"}
2018/08/14 10:31:51.685 [N] [value.go:447]  签约确认参数：map[verCode:111111 reqSn:XxxX_18471534152626]
2018/08/14 10:31:51.685 [N] [value.go:447]  {"IsSuccess":false,"RetInfo":"","RetCode":"","ErrMsg":"无此请求号的记录！"}
2018/08/14 10:31:51.836 [N] [value.go:447]  签约确认参数：map[verCode:111111 reqSn:XxxX_18471534152626]
2018/08/14 10:31:51.836 [N] [value.go:447]  {"IsSuccess":false,"RetInfo":"","RetCode":"","ErrMsg":"无此请求号的记录！"}
2018/08/14 10:31:52.101 [N] [value.go:447]  签约确认参数：map[reqSn:XxxX_18471534152626 verCode:111111]
2018/08/14 10:31:52.101 [N] [value.go:447]  {"IsSuccess":false,"RetInfo":"","RetCode":"","ErrMsg":"无此请求号的记录！"}
2018/08/14 10:31:52.457 [N] [value.go:447]  签约确认参数：map[reqSn:XxxX_18471534152626 verCode:111111]
2018/08/14 10:31:52.457 [N] [value.go:447]  {"IsSuccess":false,"RetInfo":"","RetCode":"","ErrMsg":"无此请求号的记录！"}
2018/08/14 10:31:52.620 [N] [value.go:447]  签约确认参数：map[reqSn:XxxX_18471534152626 verCode:111111]
2018/08/14 10:31:52.620 [N] [value.go:447]  {"IsSuccess":false,"RetInfo":"","RetCode":"","ErrMsg":"无此请求号的记录！"}
2018/08/14 10:31:52.957 [N] [value.go:447]  签约确认参数：map[reqSn:XxxX_18471534152626 verCode:111111]
2018/08/14 10:31:52.957 [N] [value.go:447]  {"IsSuccess":false,"RetInfo":"","RetCode":"","ErrMsg":"无此请求号的记录！"}
2018/08/14 10:31:53.245 [N] [value.go:447]  签约确认参数：map[reqSn:XxxX_18471534152626 verCode:111111]
2018/08/14 10:31:53.245 [N] [value.go:447]  {"IsSuccess":false,"RetInfo":"","RetCode":"","ErrMsg":"无此请求号的记录！"}
2018/08/14 10:31:53.473 [N] [value.go:447]  签约确认参数：map[reqSn:XxxX_18471534152626 verCode:111111]
2018/08/14 10:31:53.473 [N] [value.go:447]  {"IsSuccess":false,"RetInfo":"","RetCode":"","ErrMsg":"无此请求号的记录！"}
2018/08/14 10:31:53.727 [N] [value.go:447]  签约确认参数：map[reqSn:XxxX_18471534152626 verCode:111111]
2018/08/14 10:31:53.727 [N] [value.go:447]  {"IsSuccess":false,"RetInfo":"","RetCode":"","ErrMsg":"无此请求号的记录！"}
2018/08/14 10:31:53.931 [N] [value.go:447]  签约确认参数：map[verCode:111111 reqSn:XxxX_18471534152626]
2018/08/14 10:31:53.931 [N] [value.go:447]  {"IsSuccess":false,"RetInfo":"","RetCode":"","ErrMsg":"无此请求号的记录！"}
2018/08/14 10:31:54.211 [N] [value.go:447]  签约确认参数：map[reqSn:XxxX_18471534152626 verCode:111111]
2018/08/14 10:31:54.211 [N] [value.go:447]  {"IsSuccess":false,"RetInfo":"","RetCode":"","ErrMsg":"无此请求号的记录！"}
2018/08/14 10:31:54.362 [N] [value.go:447]  签约确认参数：map[reqSn:XxxX_18471534152626 verCode:111111]
2018/08/14 10:31:54.362 [N] [value.go:447]  {"IsSuccess":false,"RetInfo":"","RetCode":"","ErrMsg":"无此请求号的记录！"}
2018/08/14 10:31:55.117 [N] [value.go:447]  签约确认参数：map[verCode:111111 reqSn:XxxX_18471534152626]
2018/08/14 10:31:55.117 [N] [value.go:447]  {"IsSuccess":false,"RetInfo":"","RetCode":"","ErrMsg":"无此请求号的记录！"}
2018/08/14 10:31:55.368 [N] [value.go:447]  签约确认参数：map[verCode:111111 reqSn:XxxX_18471534152626]
2018/08/14 10:31:55.368 [N] [value.go:447]  {"IsSuccess":false,"RetInfo":"","RetCode":"","ErrMsg":"无此请求号的记录！"}
2018/08/14 10:31:55.630 [N] [value.go:447]  签约确认参数：map[reqSn:XxxX_18471534152626 verCode:111111]
2018/08/14 10:31:55.631 [N] [value.go:447]  {"IsSuccess":false,"RetInfo":"","RetCode":"","ErrMsg":"无此请求号的记录！"}
2018/08/14 10:31:55.895 [N] [value.go:447]  签约确认参数：map[reqSn:XxxX_18471534152626 verCode:111111]
2018/08/14 10:31:55.895 [N] [value.go:447]  {"IsSuccess":false,"RetInfo":"","RetCode":"","ErrMsg":"无此请求号的记录！"}
2018/08/14 10:31:59.278 [N] [value.go:447]  签约确认参数：map[verCode:111111 reqSn:XxxX_18471534152626]
2018/08/14 10:31:59.278 [N] [value.go:447]  {"IsSuccess":false,"RetInfo":"","RetCode":"","ErrMsg":"无此请求号的记录！"}
2018/08/14 10:31:59.511 [N] [value.go:447]  签约确认参数：map[reqSn:XxxX_18471534152626 verCode:111111]
2018/08/14 10:31:59.511 [N] [value.go:447]  {"IsSuccess":false,"RetInfo":"","RetCode":"","ErrMsg":"无此请求号的记录！"}
2018/08/14 10:31:59.740 [N] [value.go:447]  签约确认参数：map[verCode:111111 reqSn:XxxX_18471534152626]
2018/08/14 10:31:59.740 [N] [value.go:447]  {"IsSuccess":false,"RetInfo":"","RetCode":"","ErrMsg":"无此请求号的记录！"}
2018/08/14 10:32:00.028 [N] [value.go:447]  签约确认参数：map[reqSn:XxxX_18471534152626 verCode:111111]
2018/08/14 10:32:00.028 [N] [value.go:447]  {"IsSuccess":false,"RetInfo":"","RetCode":"","ErrMsg":"无此请求号的记录！"}
2018/08/14 10:32:00.260 [N] [value.go:447]  签约确认参数：map[reqSn:XxxX_18471534152626 verCode:111111]
2018/08/14 10:32:00.260 [N] [value.go:447]  {"IsSuccess":false,"RetInfo":"","RetCode":"","ErrMsg":"无此请求号的记录！"}
2018/08/14 10:32:00.527 [N] [value.go:447]  签约确认参数：map[reqSn:XxxX_18471534152626 verCode:111111]
2018/08/14 10:32:00.527 [N] [value.go:447]  {"IsSuccess":false,"RetInfo":"","RetCode":"","ErrMsg":"无此请求号的记录！"}
2018/08/14 10:32:00.777 [N] [value.go:447]  签约确认参数：map[verCode:111111 reqSn:XxxX_18471534152626]
2018/08/14 10:32:00.778 [N] [value.go:447]  {"IsSuccess":false,"RetInfo":"","RetCode":"","ErrMsg":"无此请求号的记录！"}
2018/08/14 10:32:01.040 [N] [value.go:447]  签约确认参数：map[reqSn:XxxX_18471534152626 verCode:111111]
2018/08/14 10:32:01.041 [N] [value.go:447]  {"IsSuccess":false,"RetInfo":"","RetCode":"","ErrMsg":"无此请求号的记录！"}
2018/08/14 10:32:01.356 [N] [value.go:447]  签约确认参数：map[verCode:111111 reqSn:XxxX_18471534152626]
2018/08/14 10:32:01.357 [N] [value.go:447]  {"IsSuccess":false,"RetInfo":"","RetCode":"","ErrMsg":"无此请求号的记录！"}
2018/08/14 10:32:01.600 [N] [value.go:447]  签约确认参数：map[reqSn:XxxX_18471534152626 verCode:111111]
2018/08/14 10:32:01.600 [N] [value.go:447]  {"IsSuccess":false,"RetInfo":"","RetCode":"","ErrMsg":"无此请求号的记录！"}
2018/08/14 10:32:01.874 [N] [value.go:447]  签约确认参数：map[reqSn:XxxX_18471534152626 verCode:111111]
2018/08/14 10:32:01.874 [N] [value.go:447]  {"IsSuccess":false,"RetInfo":"","RetCode":"","ErrMsg":"无此请求号的记录！"}
2018/08/14 10:32:02.158 [N] [value.go:447]  签约确认参数：map[reqSn:XxxX_18471534152626 verCode:111111]
2018/08/14 10:32:02.158 [N] [value.go:447]  {"IsSuccess":false,"RetInfo":"","RetCode":"","ErrMsg":"无此请求号的记录！"}
2018/08/14 10:32:02.434 [N] [value.go:447]  签约确认参数：map[reqSn:XxxX_18471534152626 verCode:111111]
2018/08/14 10:32:02.434 [N] [value.go:447]  {"IsSuccess":false,"RetInfo":"","RetCode":"","ErrMsg":"无此请求号的记录！"}
2018/08/14 10:32:02.691 [N] [value.go:447]  签约确认参数：map[reqSn:XxxX_18471534152626 verCode:111111]
2018/08/14 10:32:02.691 [N] [value.go:447]  {"IsSuccess":false,"RetInfo":"","RetCode":"","ErrMsg":"无此请求号的记录！"}
2018/08/14 10:32:02.983 [N] [value.go:447]  签约确认参数：map[reqSn:XxxX_18471534152626 verCode:111111]
2018/08/14 10:32:02.983 [N] [value.go:447]  {"IsSuccess":false,"RetInfo":"","RetCode":"","ErrMsg":"无此请求号的记录！"}
2018/08/14 10:32:03.243 [N] [value.go:447]  签约确认参数：map[reqSn:XxxX_18471534152626 verCode:111111]
2018/08/14 10:32:03.244 [N] [value.go:447]  {"IsSuccess":false,"RetInfo":"","RetCode":"","ErrMsg":"无此请求号的记录！"}
2018/08/14 10:32:03.394 [N] [value.go:447]  签约确认参数：map[reqSn:XxxX_18471534152626 verCode:111111]
2018/08/14 10:32:03.394 [N] [value.go:447]  {"IsSuccess":false,"RetInfo":"","RetCode":"","ErrMsg":"无此请求号的记录！"}
2018/08/14 10:32:05.598 [N] [value.go:447]  签约确认参数：map[reqSn:XxxX_18471534152626 verCode:111111]
2018/08/14 10:32:05.598 [N] [value.go:447]  {"IsSuccess":false,"RetInfo":"","RetCode":"","ErrMsg":"无此请求号的记录！"}
2018/08/14 10:32:05.845 [N] [value.go:447]  签约确认参数：map[reqSn:XxxX_18471534152626 verCode:111111]
2018/08/14 10:32:05.845 [N] [value.go:447]  {"IsSuccess":false,"RetInfo":"","RetCode":"","ErrMsg":"无此请求号的记录！"}
2018/08/14 10:32:05.987 [N] [value.go:447]  签约确认参数：map[reqSn:XxxX_18471534152626 verCode:111111]
2018/08/14 10:32:05.987 [N] [value.go:447]  {"IsSuccess":false,"RetInfo":"","RetCode":"","ErrMsg":"无此请求号的记录！"}
2018/08/14 10:32:06.204 [N] [value.go:447]  签约确认参数：map[reqSn:XxxX_18471534152626 verCode:111111]
2018/08/14 10:32:06.204 [N] [value.go:447]  {"IsSuccess":false,"RetInfo":"","RetCode":"","ErrMsg":"无此请求号的记录！"}
2018/08/14 10:32:06.445 [N] [value.go:447]  签约确认参数：map[reqSn:XxxX_18471534152626 verCode:111111]
2018/08/14 10:32:06.445 [N] [value.go:447]  {"IsSuccess":false,"RetInfo":"","RetCode":"","ErrMsg":"无此请求号的记录！"}
2018/08/14 10:32:06.905 [N] [value.go:447]  签约确认参数：map[verCode:111111 reqSn:XxxX_18471534152626]
2018/08/14 10:32:06.905 [N] [value.go:447]  {"IsSuccess":false,"RetInfo":"","RetCode":"","ErrMsg":"无此请求号的记录！"}
2018/08/14 10:32:07.247 [N] [value.go:447]  签约确认参数：map[reqSn:XxxX_18471534152626 verCode:111111]
2018/08/14 10:32:07.247 [N] [value.go:447]  {"IsSuccess":false,"RetInfo":"","RetCode":"","ErrMsg":"无此请求号的记录！"}
2018/08/14 10:32:07.593 [N] [value.go:447]  签约确认参数：map[reqSn:XxxX_18471534152626 verCode:111111]
2018/08/14 10:32:07.593 [N] [value.go:447]  {"IsSuccess":false,"RetInfo":"","RetCode":"","ErrMsg":"无此请求号的记录！"}
2018/08/14 10:32:07.836 [N] [value.go:447]  签约确认参数：map[reqSn:XxxX_18471534152626 verCode:111111]
2018/08/14 10:32:07.837 [N] [value.go:447]  {"IsSuccess":false,"RetInfo":"","RetCode":"","ErrMsg":"无此请求号的记录！"}
2018/08/14 10:32:08.075 [N] [value.go:447]  签约确认参数：map[reqSn:XxxX_18471534152626 verCode:111111]
2018/08/14 10:32:08.075 [N] [value.go:447]  {"IsSuccess":false,"RetInfo":"","RetCode":"","ErrMsg":"无此请求号的记录！"}
2018/08/14 10:32:08.263 [N] [value.go:447]  签约确认参数：map[reqSn:XxxX_18471534152626 verCode:111111]
2018/08/14 10:32:08.263 [N] [value.go:447]  {"IsSuccess":false,"RetInfo":"","RetCode":"","ErrMsg":"无此请求号的记录！"}
2018/08/14 10:32:08.406 [N] [value.go:447]  签约确认参数：map[reqSn:XxxX_18471534152626 verCode:111111]
2018/08/14 10:32:08.406 [N] [value.go:447]  {"IsSuccess":false,"RetInfo":"","RetCode":"","ErrMsg":"无此请求号的记录！"}
2018/08/14 10:32:08.752 [N] [value.go:447]  签约确认参数：map[reqSn:XxxX_18471534152626 verCode:111111]
2018/08/14 10:32:08.753 [N] [value.go:447]  {"IsSuccess":false,"RetInfo":"","RetCode":"","ErrMsg":"无此请求号的记录！"}
2018/08/14 10:32:08.906 [N] [value.go:447]  签约确认参数：map[verCode:111111 reqSn:XxxX_18471534152626]
2018/08/14 10:32:08.906 [N] [value.go:447]  {"IsSuccess":false,"RetInfo":"","RetCode":"","ErrMsg":"无此请求号的记录！"}
2018/08/14 10:32:09.276 [N] [value.go:447]  签约确认参数：map[verCode:111111 reqSn:XxxX_18471534152626]
2018/08/14 10:32:09.276 [N] [value.go:447]  {"IsSuccess":false,"RetInfo":"","RetCode":"","ErrMsg":"无此请求号的记录！"}
2018/08/14 10:32:09.432 [N] [value.go:447]  签约确认参数：map[reqSn:XxxX_18471534152626 verCode:111111]
2018/08/14 10:32:09.432 [N] [value.go:447]  {"IsSuccess":false,"RetInfo":"","RetCode":"","ErrMsg":"无此请求号的记录！"}
2018/08/17 15:39:32.498 [N] [value.go:447]  签约确认参数：map[reqSn:xxxx654321 verCode:123456]
2018/08/17 15:39:32.535 [N] [value.go:447]  {"IsSuccess":false,"RetInfo":"","RetCode":"","ErrMsg":"无此请求号的记录！"}
2018/08/31 19:01:22.184 [N] [value.go:447]  获取协议信息参数：map[]
2018/08/31 19:02:48.786 [N] [value.go:447]  获取协议信息参数：map[]
2018/08/31 19:03:51.946 [N] [value.go:447]  获取协议信息参数：map[protocolNo:c577121b-57d2-4a44-a5af-3b9d52219e77]
2018/08/31 19:03:51.948 [N] [value.go:447]  获取协议信息成功！
2018/08/31 19:11:30.605 [N] [value.go:447]  获取协议信息参数：map[protocolNo:c577121b-57d2-4a44-a5af-3b9d52219e77]
2018/08/31 19:11:30.607 [N] [value.go:447]  获取协议信息成功！
2018/09/07 15:20:17.082 [N] [value.go:447]  获取协议信息参数：map[protocolNo:c577121b-57d2-4a44-a5af-3b9d52219e77]
2018/09/07 15:20:17.083 [N] [value.go:447]  获取协议信息成功！
2018/09/07 16:26:17.598 [N] [value.go:447]  获取协议信息参数：map[protocolNo:c577121b-57d2-4a44-a5af-3b9d52219e77]
2018/09/07 16:26:17.599 [N] [value.go:447]  获取协议信息成功！
2018/09/22 10:10:07.251 [N] [value.go:447]  获取长连接Token参数：map[userID:kendo123]
2018/09/22 10:10:07.273 [N] [value.go:447]  获取长连接Token成功！
2018/09/22 10:12:21.070 [N] [value.go:447]  获取长连接Token参数：map[userID:kendo123]
2018/09/22 10:12:21.070 [N] [value.go:447]  获取长连接Token成功！
2018/09/22 10:13:49.789 [C] [asm_amd64.s:522]  the request url is  /WS/Join
2018/09/22 10:13:49.789 [C] [asm_amd64.s:522]  Handler crashed with error can't find templatefile in the path:views/websocketcontroller/join.tpl
2018/09/22 10:13:49.789 [C] [asm_amd64.s:522]  D:/Program Files/Go/src/runtime/asm_amd64.s:522
2018/09/22 10:13:49.789 [C] [asm_amd64.s:522]  D:/Program Files/Go/src/runtime/panic.go:513
2018/09/22 10:13:49.791 [C] [asm_amd64.s:522]  C:/Users/ChenyWork/go/src/github.com/astaxie/beego/template.go:73
2018/09/22 10:13:49.791 [C] [asm_amd64.s:522]  C:/Users/ChenyWork/go/src/github.com/astaxie/beego/controller.go:264
2018/09/22 10:13:49.791 [C] [asm_amd64.s:522]  C:/Users/ChenyWork/go/src/github.com/astaxie/beego/controller.go:215
2018/09/22 10:13:49.791 [C] [asm_amd64.s:522]  C:/Users/ChenyWork/go/src/github.com/astaxie/beego/controller.go:195
2018/09/22 10:13:49.791 [C] [asm_amd64.s:522]  C:/Users/ChenyWork/go/src/github.com/astaxie/beego/router.go:859
2018/09/22 10:13:49.791 [C] [asm_amd64.s:522]  D:/Program Files/Go/src/net/http/server.go:2741
2018/09/22 10:13:49.791 [C] [asm_amd64.s:522]  D:/Program Files/Go/src/net/http/server.go:1847
2018/09/22 10:13:49.791 [C] [asm_amd64.s:522]  D:/Program Files/Go/src/runtime/asm_amd64.s:1333
2018/09/22 10:13:49.791 [server.go:2977]  [HTTP] http: response.Write on hijacked connection
2018/09/22 10:13:49.791 [server.go:2977]  [HTTP] http: response.WriteHeader on hijacked connection
2018/09/22 10:13:49.792 [E] [server_ws.go:100]  WebSocket closed: 428e799b-f6ea-4cb0-a0f1-e0504aafd49c 
2018/09/22 10:19:16.404 [E] [template.go:174]  parse template err: websocket.html template: websocket.html:3: function "i18n" not defined
2018/09/22 10:19:16.404 [W] [beego.go:100]  template: websocket.html:3: function "i18n" not defined
2018/09/22 10:26:40.711 [N] [value.go:447]  获取长连接Token参数：map[userID:kendoDDD]
2018/09/22 10:26:40.717 [N] [value.go:447]  获取长连接Token成功！
2018/09/22 10:26:45.092 [N] [value.go:447]  获取长连接Token参数：map[userID:kendo123]
2018/09/22 10:26:45.092 [N] [value.go:447]  获取长连接Token成功！
2018/09/22 10:28:10.391 [N] [value.go:447]  获取长连接Token参数：map[userID:kendoDDD]
2018/09/22 10:28:10.391 [N] [value.go:447]  获取长连接Token成功！
2018/09/22 10:28:49.567 [E] [server_ws.go:100]  WebSocket closed: a88f3caa-e965-4110-a9e2-3ccd293bf85b 
2018/09/22 10:28:49.568 [C] [asm_amd64.s:522]  the request url is  /WS/Join
2018/09/22 10:28:49.568 [C] [asm_amd64.s:522]  Handler crashed with error can't find templatefile in the path:views/websocketcontroller/join.tpl
2018/09/22 10:28:49.569 [C] [asm_amd64.s:522]  D:/Program Files/Go/src/runtime/asm_amd64.s:522
2018/09/22 10:28:49.569 [C] [asm_amd64.s:522]  D:/Program Files/Go/src/runtime/panic.go:513
2018/09/22 10:28:49.570 [C] [asm_amd64.s:522]  C:/Users/ChenyWork/go/src/github.com/astaxie/beego/template.go:73
2018/09/22 10:28:49.571 [C] [asm_amd64.s:522]  C:/Users/ChenyWork/go/src/github.com/astaxie/beego/controller.go:264
2018/09/22 10:28:49.571 [C] [asm_amd64.s:522]  C:/Users/ChenyWork/go/src/github.com/astaxie/beego/controller.go:215
2018/09/22 10:28:49.572 [C] [asm_amd64.s:522]  C:/Users/ChenyWork/go/src/github.com/astaxie/beego/controller.go:195
2018/09/22 10:28:49.572 [C] [asm_amd64.s:522]  C:/Users/ChenyWork/go/src/github.com/astaxie/beego/router.go:859
2018/09/22 10:28:49.572 [C] [asm_amd64.s:522]  D:/Program Files/Go/src/net/http/server.go:2741
2018/09/22 10:28:49.573 [C] [asm_amd64.s:522]  D:/Program Files/Go/src/net/http/server.go:1847
2018/09/22 10:28:49.573 [C] [asm_amd64.s:522]  D:/Program Files/Go/src/runtime/asm_amd64.s:1333
2018/09/22 10:28:49.573 [server.go:2977]  [HTTP] http: response.Write on hijacked connection
2018/09/22 10:28:49.574 [server.go:2977]  [HTTP] http: response.WriteHeader on hijacked connection
2018/09/22 10:29:06.423 [N] [value.go:447]  获取长连接Token参数：map[userID:kendoDDD]
2018/09/22 10:29:06.423 [N] [value.go:447]  获取长连接Token成功！
2018/09/22 10:29:07.150 [N] [value.go:447]  获取长连接Token参数：map[userID:kendoDDD]
2018/09/22 10:29:07.150 [N] [value.go:447]  获取长连接Token成功！
2018/09/22 10:29:17.870 [N] [value.go:447]  获取长连接Token参数：map[userID:kendo1]
2018/09/22 10:29:17.870 [N] [value.go:447]  获取长连接Token成功！
2018/09/22 10:31:53.626 [N] [value.go:447]  获取长连接Token参数：map[userID:kendo123]
2018/09/22 10:31:53.640 [N] [value.go:447]  获取长连接Token成功！
